<?xml version="1.0" encoding="UTF-8"?>
<!-- Generated by org.testng.reporters.JUnitReportReporter -->
<testsuite hostname="GABRIEL" failures="0" tests="1" name="com.Ecommerce.Upgrade.Create_org" time="8.846" errors="0" timestamp="2023-11-13T18:20:38 IST" skipped="0">
  <testcase classname="com.Ecommerce.Upgrade.Create_org" name="script" time="8.846"/>
  <system-out>
    <![CDATA[DB_Connection is done
broser launch done sucessfully
log_in done sucessfully
log_out done sucessfully
driver closed done sucessfully
dbConnection_clse done sucessfully]]>
  </system-out>
</testsuite> <!-- com.Ecommerce.Upgrade.Create_org -->
