<?xml version="1.0" encoding="UTF-8"?>
<!-- Generated by org.testng.reporters.JUnitReportReporter -->
<testsuite hostname="GABRIEL" failures="0" tests="1" name="com.Ecommerce.Upgrade.CreateContact" time="9.043" errors="0" timestamp="2023-11-13T12:13:50 IST" skipped="0">
  <testcase classname="com.Ecommerce.Upgrade.CreateContact" name="contactScript" time="9.043"/>
  <system-out>
    <![CDATA[DB_Connection is done
broser launch done sucessfully
log_in done sucessfully
log_out done sucessfully
driver closed done sucessfully
dbConnection_clse done sucessfully]]>
  </system-out>
</testsuite> <!-- com.Ecommerce.Upgrade.CreateContact -->
