<?xml version="1.0" encoding="UTF-8"?>
<!-- Generated by org.testng.reporters.JUnitReportReporter -->
<testsuite hostname="GABRIEL" failures="0" tests="1" name="com.Ecommerce.Upgrade.Test_002" time="18.916" errors="0" timestamp="2023-11-07T14:47:46 IST" skipped="0">
  <testcase classname="com.Ecommerce.Upgrade.Test_002" name="script" time="18.916"/>
</testsuite> <!-- com.Ecommerce.Upgrade.Test_002 -->
