<?xml version="1.0" encoding="UTF-8"?>
<!-- Generated by org.testng.reporters.JUnitReportReporter -->
<testsuite hostname="GABRIEL" failures="0" tests="1" name="com.Ecommerce.Upgrade.Test_001" time="3.797" errors="0" timestamp="2023-11-07T11:44:09 IST" skipped="0">
  <testcase classname="com.Ecommerce.Upgrade.Test_001" name="script" time="3.797"/>
  <system-out>
    <![CDATA[DB_Connection is done
broser launch done sucessfully
log_in done sucessfully
log_out done sucessfully
driver closed done sucessfully
dbConnection_clse done sucessfully]]>
  </system-out>
</testsuite> <!-- com.Ecommerce.Upgrade.Test_001 -->
